2024-02-25 14:24:18 Loading main app package /usr/lib/obsidian/obsidian.asar
2024-02-25 14:24:18 Checking for update using Github
2024-02-25 14:24:18 Success.
2024-02-25 14:24:18 Latest version is 1.5.8
2024-02-25 14:24:18 App is up to date.
2024-02-25 14:38:09 Loading main app package /usr/lib/obsidian/obsidian.asar
2024-02-25 14:38:09 Checking for update using Github
2024-02-25 14:38:09 Success.
2024-02-25 14:38:09 Latest version is 1.5.8
2024-02-25 14:38:09 App is up to date.
2024-02-25 15:15:09 Loading main app package /usr/lib/obsidian/obsidian.asar
2024-02-25 15:15:10 Checking for update using Github
2024-02-25 15:15:10 Success.
2024-02-25 15:15:10 Latest version is 1.5.8
2024-02-25 15:15:10 App is up to date.
2024-02-25 15:34:30 Loading main app package /usr/lib/obsidian/obsidian.asar
2024-02-25 15:34:30 Checking for update using Github
2024-02-25 15:34:30 Success.
2024-02-25 15:34:30 Latest version is 1.5.8
2024-02-25 15:34:30 App is up to date.
2024-02-25 15:36:52 Loading main app package /usr/lib/obsidian/obsidian.asar
2024-02-25 15:36:52 Checking for update using Github
2024-02-25 15:36:52 Success.
2024-02-25 15:36:52 Latest version is 1.5.8
2024-02-25 15:36:52 App is up to date.
2024-02-25 15:37:07 Loading main app package /usr/lib/obsidian/obsidian.asar
2024-02-25 15:37:07 Checking for update using Github
2024-02-25 15:37:07 Success.
2024-02-25 15:37:07 Latest version is 1.5.8
2024-02-25 15:37:07 App is up to date.
2024-02-25 16:00:57 Loading main app package /usr/lib/obsidian/obsidian.asar
2024-02-25 16:00:57 Checking for update using Github
2024-02-25 16:00:57 Success.
2024-02-25 16:00:57 Latest version is 1.5.8
2024-02-25 16:00:57 App is up to date.
2024-02-25 17:31:35 Loading main app package /usr/lib/obsidian/obsidian.asar
2024-02-25 17:31:35 Checking for update using Github
2024-02-25 17:31:36 Success.
2024-02-25 17:31:36 Latest version is 1.5.8
2024-02-25 17:31:36 App is up to date.
2024-02-25 17:38:21 Loading main app package /usr/lib/obsidian/obsidian.asar
2024-02-25 17:38:21 Checking for update using Github
2024-02-25 17:38:22 Success.
2024-02-25 17:38:22 Latest version is 1.5.8
2024-02-25 17:38:22 App is up to date.
2024-02-25 17:39:22 Loading main app package /usr/lib/obsidian/obsidian.asar
2024-02-25 17:39:22 Checking for update using Github
2024-02-25 17:39:22 Success.
2024-02-25 17:39:22 Latest version is 1.5.8
2024-02-25 17:39:22 App is up to date.
2024-02-25 17:39:43 Loading main app package /usr/lib/obsidian/obsidian.asar
2024-02-25 17:39:43 Checking for update using Github
2024-02-25 17:39:43 Success.
2024-02-25 17:39:43 Latest version is 1.5.8
2024-02-25 17:39:43 App is up to date.
2024-02-25 17:40:45 Loading main app package /usr/lib/obsidian/obsidian.asar
2024-02-25 17:40:45 Checking for update using Github
2024-02-25 17:40:45 Success.
2024-02-25 17:40:45 Latest version is 1.5.8
2024-02-25 17:40:45 App is up to date.
2024-02-25 17:40:59 Loading main app package /usr/lib/obsidian/obsidian.asar
2024-02-25 17:40:59 Checking for update using Github
2024-02-25 17:40:59 Success.
2024-02-25 17:40:59 Latest version is 1.5.8
2024-02-25 17:40:59 App is up to date.
